#
# There is insufficient memory for the Java Runtime Environment to continue.
# Native memory allocation (malloc) failed to allocate 267216 bytes for Chunk::new
# Possible reasons:
#   The system is out of physical RAM or swap space
#   The process is running with CompressedOops enabled, and the Java Heap may be blocking the growth of the native heap
# Possible solutions:
#   Reduce memory load on the system
#   Increase physical memory or swap space
#   Check if swap backing store is full
#   Decrease Java heap size (-Xmx/-Xms)
#   Decrease number of Java threads
#   Decrease Java thread stack sizes (-Xss)
#   Set larger code cache with -XX:ReservedCodeCacheSize=
#   JVM is running with Unscaled Compressed Oops mode in which the Java heap is
#     placed in the first 4GB address space. The Java Heap base address is the
#     maximum limit for the native heap growth. Please use -XX:HeapBaseMinAddress
#     to set the Java Heap base and to place the Java Heap above 4GB virtual address.
# This output file may be truncated or incomplete.
#
#  Out of Memory Error (arena.cpp:184), pid=24972, tid=4616
#
# JRE version: Java(TM) SE Runtime Environment (18.0+36) (build 18+36-2087)
# Java VM: Java HotSpot(TM) 64-Bit Server VM (18+36-2087, mixed mode, sharing, tiered, compressed oops, compressed class ptrs, g1 gc, windows-amd64)
# No core dump will be written. Minidumps are not enabled by default on client versions of Windows
#

---------------  S U M M A R Y ------------

Command Line: -ea -Didea.test.cyclic.buffer.size=1048576 -javaagent:C:\Program Files\JetBrains\IntelliJ IDEA Community Edition 2021.3.3\lib\idea_rt.jar=51143:C:\Program Files\JetBrains\IntelliJ IDEA Community Edition 2021.3.3\bin -Dfile.encoding=UTF-8 com.intellij.rt.junit.JUnitStarter -ideVersion5 -junit4 Amazon.test.ProductTest

Host: 11th Gen Intel(R) Core(TM) i5-1135G7 @ 2.40GHz, 8 cores, 7G,  Windows 10 , 64 bit Build 19041 (10.0.19041.2251)
Time: Mon Jan 16 14:17:15 2023 Türkiye Standart Saati elapsed time: 23.175171 seconds (0d 0h 0m 23s)

---------------  T H R E A D  ---------------

Current thread (0x0000024c37c545b0):  JavaThread "C2 CompilerThread0" daemon [_thread_in_native, id=4616, stack(0x000000b855b00000,0x000000b855c00000)]


Current CompileTask:
C2:  23175 2262       4       java.lang.ConditionalSpecialCasing::lookUpTable (131 bytes)

Stack: [0x000000b855b00000,0x000000b855c00000]
Native frames: (J=compiled Java code, j=interpreted, Vv=VM code, C=native code)
V  [jvm.dll+0x69804a]
V  [jvm.dll+0x7f308d]
V  [jvm.dll+0x7f499e]
V  [jvm.dll+0x7f5053]
V  [jvm.dll+0x25ca3f]
V  [jvm.dll+0xb8c2f]
V  [jvm.dll+0xb8fa5]
V  [jvm.dll+0x385a31]
V  [jvm.dll+0x34f811]
V  [jvm.dll+0x34ecaa]
V  [jvm.dll+0x22fc21]
V  [jvm.dll+0x22eff1]
V  [jvm.dll+0x1b9cfc]
V  [jvm.dll+0x23e8ca]
V  [jvm.dll+0x23cbac]
V  [jvm.dll+0x7a5781]
V  [jvm.dll+0x79fbba]
V  [jvm.dll+0x696ef5]
C  [ucrtbase.dll+0x21bb2]
C  [KERNEL32.DLL+0x174b4]
C  [ntdll.dll+0x526a1]


---------------  P R O C E S S  ---------------

Threads class SMR info:
_java_thread_list=0x0000024c3d45f300, length=19, elements={
0x0000024c1a0c73c0, 0x0000024c37c31970, 0x0000024c37c32220, 0x0000024c37c4dfa0,
0x0000024c37c4e850, 0x0000024c37c53120, 0x0000024c37c539d0, 0x0000024c37c545b0,
0x0000024c37c54ea0, 0x0000024c37c55790, 0x0000024c3c4a0f00, 0x0000024c3c56c930,
0x0000024c3c56cdf0, 0x0000024c3ce2f6f0, 0x0000024c3ce6f470, 0x0000024c3ce6bb10,
0x0000024c3cff8010, 0x0000024c3cf5cb90, 0x0000024c3cf5f210
}

Java Threads: ( => current thread )
  0x0000024c1a0c73c0 JavaThread "Forwarding actions on session b6e40a454a04d50380450cf8a4d87526 to remote" [_thread_in_native, id=3148, stack(0x000000b854e00000,0x000000b854f00000)]
  0x0000024c37c31970 JavaThread "Reference Handler" daemon [_thread_blocked, id=12084, stack(0x000000b855500000,0x000000b855600000)]
  0x0000024c37c32220 JavaThread "Finalizer" daemon [_thread_blocked, id=24280, stack(0x000000b855600000,0x000000b855700000)]
  0x0000024c37c4dfa0 JavaThread "Signal Dispatcher" daemon [_thread_blocked, id=23344, stack(0x000000b855700000,0x000000b855800000)]
  0x0000024c37c4e850 JavaThread "Attach Listener" daemon [_thread_blocked, id=14132, stack(0x000000b855800000,0x000000b855900000)]
  0x0000024c37c53120 JavaThread "Service Thread" daemon [_thread_blocked, id=21032, stack(0x000000b855900000,0x000000b855a00000)]
  0x0000024c37c539d0 JavaThread "Monitor Deflation Thread" daemon [_thread_blocked, id=4012, stack(0x000000b855a00000,0x000000b855b00000)]
=>0x0000024c37c545b0 JavaThread "C2 CompilerThread0" daemon [_thread_in_native, id=4616, stack(0x000000b855b00000,0x000000b855c00000)]
  0x0000024c37c54ea0 JavaThread "C1 CompilerThread0" daemon [_thread_blocked, id=20308, stack(0x000000b855c00000,0x000000b855d00000)]
  0x0000024c37c55790 JavaThread "Sweeper thread" daemon [_thread_blocked, id=14668, stack(0x000000b855d00000,0x000000b855e00000)]
  0x0000024c3c4a0f00 JavaThread "Common-Cleaner" daemon [_thread_blocked, id=18668, stack(0x000000b855e00000,0x000000b855f00000)]
  0x0000024c3c56c930 JavaThread "Monitor Ctrl-Break" daemon [_thread_in_native, id=6024, stack(0x000000b855f00000,0x000000b856000000)]
  0x0000024c3c56cdf0 JavaThread "Notification Thread" daemon [_thread_blocked, id=23740, stack(0x000000b856000000,0x000000b856100000)]
  0x0000024c3ce2f6f0 JavaThread "Exec Default Executor" daemon [_thread_in_native, id=8548, stack(0x000000b856300000,0x000000b856400000)]
  0x0000024c3ce6f470 JavaThread "UrlChecker-2" daemon [_thread_blocked, id=17800, stack(0x000000b856400000,0x000000b856500000)]
  0x0000024c3ce6bb10 JavaThread "Exec Stream Pumper" daemon [_thread_in_native, id=24480, stack(0x000000b856600000,0x000000b856700000)]
  0x0000024c3cff8010 JavaThread "Exec Stream Pumper" daemon [_thread_in_native, id=1668, stack(0x000000b856700000,0x000000b856800000)]
  0x0000024c3cf5cb90 JavaThread "OkHttp ConnectionPool" daemon [_thread_blocked, id=21420, stack(0x000000b857100000,0x000000b857200000)]
  0x0000024c3cf5f210 JavaThread "Okio Watchdog" daemon [_thread_blocked, id=17164, stack(0x000000b857200000,0x000000b857300000)]

Other Threads:
  0x0000024c1a13fc10 VMThread "VM Thread" [stack: 0x000000b855400000,0x000000b855500000] [id=8676]
  0x0000024c3c578760 WatcherThread "VM Periodic Task Thread" [stack: 0x000000b856100000,0x000000b856200000] [id=17868]
  0x0000024c1a126c20 WorkerThread "GC Thread#0" [stack: 0x000000b854f00000,0x000000b855000000] [id=25016]
  0x0000024c3ced2300 WorkerThread "GC Thread#1" [stack: 0x000000b856900000,0x000000b856a00000] [id=24112]
  0x0000024c3cf32190 WorkerThread "GC Thread#2" [stack: 0x000000b856a00000,0x000000b856b00000] [id=12228]
  0x0000024c3cf32430 WorkerThread "GC Thread#3" [stack: 0x000000b856b00000,0x000000b856c00000] [id=24804]
  0x0000024c3cf326d0 WorkerThread "GC Thread#4" [stack: 0x000000b856c00000,0x000000b856d00000] [id=904]
  0x0000024c3d3469d0 WorkerThread "GC Thread#5" [stack: 0x000000b856d00000,0x000000b856e00000] [id=20356]
  0x0000024c3d346c70 WorkerThread "GC Thread#6" [stack: 0x000000b856e00000,0x000000b856f00000] [id=18632]
  0x0000024c3d346f10 WorkerThread "GC Thread#7" [stack: 0x000000b856f00000,0x000000b857000000] [id=19712]
  0x0000024c1a138130 ConcurrentGCThread "G1 Main Marker" [stack: 0x000000b855000000,0x000000b855100000] [id=19928]
  0x0000024c1a1391d0 WorkerThread "G1 Conc#0" [stack: 0x000000b855100000,0x000000b855200000] [id=15780]
  0x0000024c1a173b70 ConcurrentGCThread "G1 Refine#0" [stack: 0x000000b855200000,0x000000b855300000] [id=844]
  0x0000024c3ced2db0 ConcurrentGCThread "G1 Refine#1" [stack: 0x000000b857000000,0x000000b857100000] [id=1588]
  0x0000024c1a174390 ConcurrentGCThread "G1 Service" [stack: 0x000000b855300000,0x000000b855400000] [id=15812]

Threads with active compile tasks:
C2 CompilerThread0    23191 2262       4       java.lang.ConditionalSpecialCasing::lookUpTable (131 bytes)

VM state: not at safepoint (normal execution)

VM Mutex/Monitor currently owned by a thread: None

Heap address: 0x0000000084a00000, size: 1974 MB, Compressed Oops mode: 32-bit

CDS archive(s) mapped at: [0x0000000800000000-0x0000000800ba0000-0x0000000800ba0000), size 12189696, SharedBaseAddress: 0x0000000800000000, ArchiveRelocationMode: 0.
Compressed class space mapped at: 0x0000000800c00000-0x0000000840c00000, reserved size: 1073741824
Narrow klass base: 0x0000000800000000, Narrow klass shift: 0, Narrow klass range: 0x100000000

GC Precious Log:
 CardTable entry size: 512
 Card Set container configuration: InlinePtr #cards 5 size 8 Array Of Cards #cards 12 size 40 Howl #buckets 4 coarsen threshold 1843 Howl Bitmap #cards 512 size 80 coarsen threshold 460 Card regions per heap region 1 cards per card region 2048
 CPUs: 8 total, 8 available
 Memory: 7890M
 Large Page Support: Disabled
 NUMA Support: Disabled
 Compressed Oops: Enabled (32-bit)
 Heap Region Size: 1M
 Heap Min Capacity: 8M
 Heap Initial Capacity: 124M
 Heap Max Capacity: 1974M
 Pre-touch: Disabled
 Parallel Workers: 8
 Concurrent Workers: 2
 Concurrent Refinement Workers: 8
 Periodic GC: Disabled

Heap:
 garbage-first heap   total 126976K, used 11811K [0x0000000084a00000, 0x0000000100000000)
  region size 1024K, 8 young (8192K), 3 survivors (3072K)
 Metaspace       used 16243K, committed 16512K, reserved 1114112K
  class space    used 1968K, committed 2112K, reserved 1048576K

Heap Regions: E=young(eden), S=young(survivor), O=old, HS=humongous(starts), HC=humongous(continues), CS=collection set, F=free, OA=open archive, CA=closed archive, TAMS=top-at-mark-start (previous, next)
|   0|0x0000000084a00000, 0x0000000084b00000, 0x0000000084b00000|100%| O|  |TAMS 0x0000000084a00000, 0x0000000084a00000| Untracked 
|   1|0x0000000084b00000, 0x0000000084c00000, 0x0000000084c00000|100%| O|  |TAMS 0x0000000084b00000, 0x0000000084b00000| Untracked 
|   2|0x0000000084c00000, 0x0000000084d00000, 0x0000000084d00000|100%| O|  |TAMS 0x0000000084c00000, 0x0000000084c00000| Untracked 
|   3|0x0000000084d00000, 0x0000000084e00000, 0x0000000084e00000|100%| O|  |TAMS 0x0000000084d00000, 0x0000000084d00000| Untracked 
|   4|0x0000000084e00000, 0x0000000084f00000, 0x0000000084f00000|100%| O|  |TAMS 0x0000000084e00000, 0x0000000084e00000| Untracked 
|   5|0x0000000084f00000, 0x0000000084f00000, 0x0000000085000000|  0%| F|  |TAMS 0x0000000084f00000, 0x0000000084f00000| Untracked 
|   6|0x0000000085000000, 0x0000000085000000, 0x0000000085100000|  0%| F|  |TAMS 0x0000000085000000, 0x0000000085000000| Untracked 
|   7|0x0000000085100000, 0x0000000085100000, 0x0000000085200000|  0%| F|  |TAMS 0x0000000085100000, 0x0000000085100000| Untracked 
|   8|0x0000000085200000, 0x0000000085200000, 0x0000000085300000|  0%| F|  |TAMS 0x0000000085200000, 0x0000000085200000| Untracked 
|   9|0x0000000085300000, 0x0000000085300000, 0x0000000085400000|  0%| F|  |TAMS 0x0000000085300000, 0x0000000085300000| Untracked 
|  10|0x0000000085400000, 0x0000000085400000, 0x0000000085500000|  0%| F|  |TAMS 0x0000000085400000, 0x0000000085400000| Untracked 
|  11|0x0000000085500000, 0x0000000085500000, 0x0000000085600000|  0%| F|  |TAMS 0x0000000085500000, 0x0000000085500000| Untracked 
|  12|0x0000000085600000, 0x0000000085600000, 0x0000000085700000|  0%| F|  |TAMS 0x0000000085600000, 0x0000000085600000| Untracked 
|  13|0x0000000085700000, 0x0000000085700000, 0x0000000085800000|  0%| F|  |TAMS 0x0000000085700000, 0x0000000085700000| Untracked 
|  14|0x0000000085800000, 0x0000000085800000, 0x0000000085900000|  0%| F|  |TAMS 0x0000000085800000, 0x0000000085800000| Untracked 
|  15|0x0000000085900000, 0x0000000085900000, 0x0000000085a00000|  0%| F|  |TAMS 0x0000000085900000, 0x0000000085900000| Untracked 
|  16|0x0000000085a00000, 0x0000000085a00000, 0x0000000085b00000|  0%| F|  |TAMS 0x0000000085a00000, 0x0000000085a00000| Untracked 
|  17|0x0000000085b00000, 0x0000000085b00000, 0x0000000085c00000|  0%| F|  |TAMS 0x0000000085b00000, 0x0000000085b00000| Untracked 
|  18|0x0000000085c00000, 0x0000000085c00000, 0x0000000085d00000|  0%| F|  |TAMS 0x0000000085c00000, 0x0000000085c00000| Untracked 
|  19|0x0000000085d00000, 0x0000000085d00000, 0x0000000085e00000|  0%| F|  |TAMS 0x0000000085d00000, 0x0000000085d00000| Untracked 
|  20|0x0000000085e00000, 0x0000000085e00000, 0x0000000085f00000|  0%| F|  |TAMS 0x0000000085e00000, 0x0000000085e00000| Untracked 
|  21|0x0000000085f00000, 0x0000000085f00000, 0x0000000086000000|  0%| F|  |TAMS 0x0000000085f00000, 0x0000000085f00000| Untracked 
|  22|0x0000000086000000, 0x0000000086000000, 0x0000000086100000|  0%| F|  |TAMS 0x0000000086000000, 0x0000000086000000| Untracked 
|  23|0x0000000086100000, 0x0000000086100000, 0x0000000086200000|  0%| F|  |TAMS 0x0000000086100000, 0x0000000086100000| Untracked 
|  24|0x0000000086200000, 0x0000000086200000, 0x0000000086300000|  0%| F|  |TAMS 0x0000000086200000, 0x0000000086200000| Untracked 
|  25|0x0000000086300000, 0x0000000086300000, 0x0000000086400000|  0%| F|  |TAMS 0x0000000086300000, 0x0000000086300000| Untracked 
|  26|0x0000000086400000, 0x0000000086400000, 0x0000000086500000|  0%| F|  |TAMS 0x0000000086400000, 0x0000000086400000| Untracked 
|  27|0x0000000086500000, 0x0000000086500000, 0x0000000086600000|  0%| F|  |TAMS 0x0000000086500000, 0x0000000086500000| Untracked 
|  28|0x0000000086600000, 0x0000000086600000, 0x0000000086700000|  0%| F|  |TAMS 0x0000000086600000, 0x0000000086600000| Untracked 
|  29|0x0000000086700000, 0x0000000086700000, 0x0000000086800000|  0%| F|  |TAMS 0x0000000086700000, 0x0000000086700000| Untracked 
|  30|0x0000000086800000, 0x0000000086800000, 0x0000000086900000|  0%| F|  |TAMS 0x0000000086800000, 0x0000000086800000| Untracked 
|  31|0x0000000086900000, 0x0000000086900000, 0x0000000086a00000|  0%| F|  |TAMS 0x0000000086900000, 0x0000000086900000| Untracked 
|  32|0x0000000086a00000, 0x0000000086a00000, 0x0000000086b00000|  0%| F|  |TAMS 0x0000000086a00000, 0x0000000086a00000| Untracked 
|  33|0x0000000086b00000, 0x0000000086b00000, 0x0000000086c00000|  0%| F|  |TAMS 0x0000000086b00000, 0x0000000086b00000| Untracked 
|  34|0x0000000086c00000, 0x0000000086c00000, 0x0000000086d00000|  0%| F|  |TAMS 0x0000000086c00000, 0x0000000086c00000| Untracked 
|  35|0x0000000086d00000, 0x0000000086d00000, 0x0000000086e00000|  0%| F|  |TAMS 0x0000000086d00000, 0x0000000086d00000| Untracked 
|  36|0x0000000086e00000, 0x0000000086e00000, 0x0000000086f00000|  0%| F|  |TAMS 0x0000000086e00000, 0x0000000086e00000| Untracked 
|  37|0x0000000086f00000, 0x0000000086f00000, 0x0000000087000000|  0%| F|  |TAMS 0x0000000086f00000, 0x0000000086f00000| Untracked 
|  38|0x0000000087000000, 0x0000000087000000, 0x0000000087100000|  0%| F|  |TAMS 0x0000000087000000, 0x0000000087000000| Untracked 
|  39|0x0000000087100000, 0x0000000087100000, 0x0000000087200000|  0%| F|  |TAMS 0x0000000087100000, 0x0000000087100000| Untracked 
|  40|0x0000000087200000, 0x0000000087200000, 0x0000000087300000|  0%| F|  |TAMS 0x0000000087200000, 0x0000000087200000| Untracked 
|  41|0x0000000087300000, 0x0000000087300000, 0x0000000087400000|  0%| F|  |TAMS 0x0000000087300000, 0x0000000087300000| Untracked 
|  42|0x0000000087400000, 0x0000000087400000, 0x0000000087500000|  0%| F|  |TAMS 0x0000000087400000, 0x0000000087400000| Untracked 
|  43|0x0000000087500000, 0x0000000087500000, 0x0000000087600000|  0%| F|  |TAMS 0x0000000087500000, 0x0000000087500000| Untracked 
|  44|0x0000000087600000, 0x0000000087600000, 0x0000000087700000|  0%| F|  |TAMS 0x0000000087600000, 0x0000000087600000| Untracked 
|  45|0x0000000087700000, 0x0000000087700000, 0x0000000087800000|  0%| F|  |TAMS 0x0000000087700000, 0x0000000087700000| Untracked 
|  46|0x0000000087800000, 0x0000000087800000, 0x0000000087900000|  0%| F|  |TAMS 0x0000000087800000, 0x0000000087800000| Untracked 
|  47|0x0000000087900000, 0x0000000087900000, 0x0000000087a00000|  0%| F|  |TAMS 0x0000000087900000, 0x0000000087900000| Untracked 
|  48|0x0000000087a00000, 0x0000000087a00000, 0x0000000087b00000|  0%| F|  |TAMS 0x0000000087a00000, 0x0000000087a00000| Untracked 
|  49|0x0000000087b00000, 0x0000000087b00000, 0x0000000087c00000|  0%| F|  |TAMS 0x0000000087b00000, 0x0000000087b00000| Untracked 
|  50|0x0000000087c00000, 0x0000000087c00000, 0x0000000087d00000|  0%| F|  |TAMS 0x0000000087c00000, 0x0000000087c00000| Untracked 
|  51|0x0000000087d00000, 0x0000000087d00000, 0x0000000087e00000|  0%| F|  |TAMS 0x0000000087d00000, 0x0000000087d00000| Untracked 
|  52|0x0000000087e00000, 0x0000000087e00000, 0x0000000087f00000|  0%| F|  |TAMS 0x0000000087e00000, 0x0000000087e00000| Untracked 
|  53|0x0000000087f00000, 0x0000000087f00000, 0x0000000088000000|  0%| F|  |TAMS 0x0000000087f00000, 0x0000000087f00000| Untracked 
|  54|0x0000000088000000, 0x0000000088000000, 0x0000000088100000|  0%| F|  |TAMS 0x0000000088000000, 0x0000000088000000| Untracked 
|  55|0x0000000088100000, 0x0000000088100000, 0x0000000088200000|  0%| F|  |TAMS 0x0000000088100000, 0x0000000088100000| Untracked 
|  56|0x0000000088200000, 0x0000000088200000, 0x0000000088300000|  0%| F|  |TAMS 0x0000000088200000, 0x0000000088200000| Untracked 
|  57|0x0000000088300000, 0x0000000088300000, 0x0000000088400000|  0%| F|  |TAMS 0x0000000088300000, 0x0000000088300000| Untracked 
|  58|0x0000000088400000, 0x0000000088400000, 0x0000000088500000|  0%| F|  |TAMS 0x0000000088400000, 0x0000000088400000| Untracked 
|  59|0x0000000088500000, 0x0000000088500000, 0x0000000088600000|  0%| F|  |TAMS 0x0000000088500000, 0x0000000088500000| Untracked 
|  60|0x0000000088600000, 0x0000000088600000, 0x0000000088700000|  0%| F|  |TAMS 0x0000000088600000, 0x0000000088600000| Untracked 
|  61|0x0000000088700000, 0x0000000088700000, 0x0000000088800000|  0%| F|  |TAMS 0x0000000088700000, 0x0000000088700000| Untracked 
|  62|0x0000000088800000, 0x0000000088800000, 0x0000000088900000|  0%| F|  |TAMS 0x0000000088800000, 0x0000000088800000| Untracked 
|  63|0x0000000088900000, 0x0000000088900000, 0x0000000088a00000|  0%| F|  |TAMS 0x0000000088900000, 0x0000000088900000| Untracked 
|  64|0x0000000088a00000, 0x0000000088a00000, 0x0000000088b00000|  0%| F|  |TAMS 0x0000000088a00000, 0x0000000088a00000| Untracked 
|  65|0x0000000088b00000, 0x0000000088b00000, 0x0000000088c00000|  0%| F|  |TAMS 0x0000000088b00000, 0x0000000088b00000| Untracked 
|  66|0x0000000088c00000, 0x0000000088c00000, 0x0000000088d00000|  0%| F|  |TAMS 0x0000000088c00000, 0x0000000088c00000| Untracked 
|  67|0x0000000088d00000, 0x0000000088d00000, 0x0000000088e00000|  0%| F|  |TAMS 0x0000000088d00000, 0x0000000088d00000| Untracked 
|  68|0x0000000088e00000, 0x0000000088e00000, 0x0000000088f00000|  0%| F|  |TAMS 0x0000000088e00000, 0x0000000088e00000| Untracked 
|  69|0x0000000088f00000, 0x0000000088f00000, 0x0000000089000000|  0%| F|  |TAMS 0x0000000088f00000, 0x0000000088f00000| Untracked 
|  70|0x0000000089000000, 0x0000000089000000, 0x0000000089100000|  0%| F|  |TAMS 0x0000000089000000, 0x0000000089000000| Untracked 
|  71|0x0000000089100000, 0x0000000089100000, 0x0000000089200000|  0%| F|  |TAMS 0x0000000089100000, 0x0000000089100000| Untracked 
|  72|0x0000000089200000, 0x0000000089200000, 0x0000000089300000|  0%| F|  |TAMS 0x0000000089200000, 0x0000000089200000| Untracked 
|  73|0x0000000089300000, 0x0000000089300000, 0x0000000089400000|  0%| F|  |TAMS 0x0000000089300000, 0x0000000089300000| Untracked 
|  74|0x0000000089400000, 0x0000000089400000, 0x0000000089500000|  0%| F|  |TAMS 0x0000000089400000, 0x0000000089400000| Untracked 
|  75|0x0000000089500000, 0x0000000089500000, 0x0000000089600000|  0%| F|  |TAMS 0x0000000089500000, 0x0000000089500000| Untracked 
|  76|0x0000000089600000, 0x0000000089600000, 0x0000000089700000|  0%| F|  |TAMS 0x0000000089600000, 0x0000000089600000| Untracked 
|  77|0x0000000089700000, 0x0000000089700000, 0x0000000089800000|  0%| F|  |TAMS 0x0000000089700000, 0x0000000089700000| Untracked 
|  78|0x0000000089800000, 0x0000000089800000, 0x0000000089900000|  0%| F|  |TAMS 0x0000000089800000, 0x0000000089800000| Untracked 
|  79|0x0000000089900000, 0x0000000089900000, 0x0000000089a00000|  0%| F|  |TAMS 0x0000000089900000, 0x0000000089900000| Untracked 
|  80|0x0000000089a00000, 0x0000000089a00000, 0x0000000089b00000|  0%| F|  |TAMS 0x0000000089a00000, 0x0000000089a00000| Untracked 
|  81|0x0000000089b00000, 0x0000000089b00000, 0x0000000089c00000|  0%| F|  |TAMS 0x0000000089b00000, 0x0000000089b00000| Untracked 
|  82|0x0000000089c00000, 0x0000000089c00000, 0x0000000089d00000|  0%| F|  |TAMS 0x0000000089c00000, 0x0000000089c00000| Untracked 
|  83|0x0000000089d00000, 0x0000000089d00000, 0x0000000089e00000|  0%| F|  |TAMS 0x0000000089d00000, 0x0000000089d00000| Untracked 
|  84|0x0000000089e00000, 0x0000000089e00000, 0x0000000089f00000|  0%| F|  |TAMS 0x0000000089e00000, 0x0000000089e00000| Untracked 
|  85|0x0000000089f00000, 0x0000000089f00000, 0x000000008a000000|  0%| F|  |TAMS 0x0000000089f00000, 0x0000000089f00000| Untracked 
|  86|0x000000008a000000, 0x000000008a000000, 0x000000008a100000|  0%| F|  |TAMS 0x000000008a000000, 0x000000008a000000| Untracked 
|  87|0x000000008a100000, 0x000000008a100000, 0x000000008a200000|  0%| F|  |TAMS 0x000000008a100000, 0x000000008a100000| Untracked 
|  88|0x000000008a200000, 0x000000008a200000, 0x000000008a300000|  0%| F|  |TAMS 0x000000008a200000, 0x000000008a200000| Untracked 
|  89|0x000000008a300000, 0x000000008a300000, 0x000000008a400000|  0%| F|  |TAMS 0x000000008a300000, 0x000000008a300000| Untracked 
|  90|0x000000008a400000, 0x000000008a400000, 0x000000008a500000|  0%| F|  |TAMS 0x000000008a400000, 0x000000008a400000| Untracked 
|  91|0x000000008a500000, 0x000000008a500000, 0x000000008a600000|  0%| F|  |TAMS 0x000000008a500000, 0x000000008a500000| Untracked 
|  92|0x000000008a600000, 0x000000008a600000, 0x000000008a700000|  0%| F|  |TAMS 0x000000008a600000, 0x000000008a600000| Untracked 
|  93|0x000000008a700000, 0x000000008a700000, 0x000000008a800000|  0%| F|  |TAMS 0x000000008a700000, 0x000000008a700000| Untracked 
|  94|0x000000008a800000, 0x000000008a800000, 0x000000008a900000|  0%| F|  |TAMS 0x000000008a800000, 0x000000008a800000| Untracked 
|  95|0x000000008a900000, 0x000000008a988c40, 0x000000008aa00000| 53%| S|CS|TAMS 0x000000008a900000, 0x000000008a900000| Complete 
|  96|0x000000008aa00000, 0x000000008ab00000, 0x000000008ab00000|100%| S|CS|TAMS 0x000000008aa00000, 0x000000008aa00000| Complete 
|  97|0x000000008ab00000, 0x000000008ac00000, 0x000000008ac00000|100%| S|CS|TAMS 0x000000008ab00000, 0x000000008ab00000| Complete 
|  98|0x000000008ac00000, 0x000000008ac00000, 0x000000008ad00000|  0%| F|  |TAMS 0x000000008ac00000, 0x000000008ac00000| Untracked 
|  99|0x000000008ad00000, 0x000000008ad00000, 0x000000008ae00000|  0%| F|  |TAMS 0x000000008ad00000, 0x000000008ad00000| Untracked 
| 100|0x000000008ae00000, 0x000000008ae00000, 0x000000008af00000|  0%| F|  |TAMS 0x000000008ae00000, 0x000000008ae00000| Untracked 
| 101|0x000000008af00000, 0x000000008af00000, 0x000000008b000000|  0%| F|  |TAMS 0x000000008af00000, 0x000000008af00000| Untracked 
| 102|0x000000008b000000, 0x000000008b000000, 0x000000008b100000|  0%| F|  |TAMS 0x000000008b000000, 0x000000008b000000| Untracked 
| 103|0x000000008b100000, 0x000000008b100000, 0x000000008b200000|  0%| F|  |TAMS 0x000000008b100000, 0x000000008b100000| Untracked 
| 104|0x000000008b200000, 0x000000008b200000, 0x000000008b300000|  0%| F|  |TAMS 0x000000008b200000, 0x000000008b200000| Untracked 
| 105|0x000000008b300000, 0x000000008b300000, 0x000000008b400000|  0%| F|  |TAMS 0x000000008b300000, 0x000000008b300000| Untracked 
| 106|0x000000008b400000, 0x000000008b400000, 0x000000008b500000|  0%| F|  |TAMS 0x000000008b400000, 0x000000008b400000| Untracked 
| 107|0x000000008b500000, 0x000000008b500000, 0x000000008b600000|  0%| F|  |TAMS 0x000000008b500000, 0x000000008b500000| Untracked 
| 108|0x000000008b600000, 0x000000008b600000, 0x000000008b700000|  0%| F|  |TAMS 0x000000008b600000, 0x000000008b600000| Untracked 
| 109|0x000000008b700000, 0x000000008b700000, 0x000000008b800000|  0%| F|  |TAMS 0x000000008b700000, 0x000000008b700000| Untracked 
| 110|0x000000008b800000, 0x000000008b800000, 0x000000008b900000|  0%| F|  |TAMS 0x000000008b800000, 0x000000008b800000| Untracked 
| 111|0x000000008b900000, 0x000000008b900000, 0x000000008ba00000|  0%| F|  |TAMS 0x000000008b900000, 0x000000008b900000| Untracked 
| 112|0x000000008ba00000, 0x000000008ba00000, 0x000000008bb00000|  0%| F|  |TAMS 0x000000008ba00000, 0x000000008ba00000| Untracked 
| 113|0x000000008bb00000, 0x000000008bb00000, 0x000000008bc00000|  0%| F|  |TAMS 0x000000008bb00000, 0x000000008bb00000| Untracked 
| 114|0x000000008bc00000, 0x000000008bc00000, 0x000000008bd00000|  0%| F|  |TAMS 0x000000008bc00000, 0x000000008bc00000| Untracked 
| 115|0x000000008bd00000, 0x000000008bd00000, 0x000000008be00000|  0%| F|  |TAMS 0x000000008bd00000, 0x000000008bd00000| Untracked 
| 116|0x000000008be00000, 0x000000008be00000, 0x000000008bf00000|  0%| F|  |TAMS 0x000000008be00000, 0x000000008be00000| Untracked 
| 117|0x000000008bf00000, 0x000000008bf00000, 0x000000008c000000|  0%| F|  |TAMS 0x000000008bf00000, 0x000000008bf00000| Untracked 
| 118|0x000000008c000000, 0x000000008c000000, 0x000000008c100000|  0%| F|  |TAMS 0x000000008c000000, 0x000000008c000000| Untracked 
| 119|0x000000008c100000, 0x000000008c16f388, 0x000000008c200000| 43%| E|  |TAMS 0x000000008c100000, 0x000000008c100000| Complete 
| 120|0x000000008c200000, 0x000000008c300000, 0x000000008c300000|100%| E|CS|TAMS 0x000000008c200000, 0x000000008c200000| Complete 
| 121|0x000000008c300000, 0x000000008c400000, 0x000000008c400000|100%| E|CS|TAMS 0x000000008c300000, 0x000000008c300000| Complete 
| 122|0x000000008c400000, 0x000000008c500000, 0x000000008c500000|100%| E|CS|TAMS 0x000000008c400000, 0x000000008c400000| Complete 
| 123|0x000000008c500000, 0x000000008c600000, 0x000000008c600000|100%| E|CS|TAMS 0x000000008c500000, 0x000000008c500000| Complete 

Card table byte_map: [0x0000024c31100000,0x0000024c314e0000] _byte_map_base: 0x0000024c30cdb000

Marking Bits (Prev, Next): (CMBitMap*) 0x0000024c1a128140, (CMBitMap*) 0x0000024c1a128180
 Prev Bits: [0x0000024c318c0000, 0x0000024c33798000)
 Next Bits: [0x0000024c337a0000, 0x0000024c35678000)

Polling page: 0x0000024c180c0000

Metaspace:

Usage:
  Non-class:     13.94 MB used.
      Class:      1.92 MB used.
       Both:     15.86 MB used.

Virtual space:
  Non-class space:       64.00 MB reserved,      14.06 MB ( 22%) committed,  1 nodes.
      Class space:        1.00 GB reserved,       2.06 MB ( <1%) committed,  1 nodes.
             Both:        1.06 GB reserved,      16.12 MB (  1%) committed. 

Chunk freelists:
   Non-Class:  1.69 MB
       Class:  1.97 MB
        Both:  3.66 MB

MaxMetaspaceSize: unlimited
CompressedClassSpaceSize: 1.00 GB
Initial GC threshold: 21.00 MB
Current GC threshold: 21.00 MB
CDS: on
MetaspaceReclaimPolicy: balanced
 - commit_granule_bytes: 65536.
 - commit_granule_words: 8192.
 - virtual_space_node_default_size: 8388608.
 - enlarge_chunks_in_place: 1.
 - new_chunks_are_fully_committed: 0.
 - uncommit_free_chunks: 1.
 - use_allocation_guard: 0.


Internal statistics:

num_allocs_failed_limit: 0.
num_arena_births: 196.
num_arena_deaths: 0.
num_vsnodes_births: 2.
num_vsnodes_deaths: 0.
num_space_committed: 258.
num_space_uncommitted: 0.
num_chunks_returned_to_freelist: 0.
num_chunks_taken_from_freelist: 550.
num_chunk_merges: 0.
num_chunk_splits: 369.
num_chunks_enlarged: 291.
num_inconsistent_stats: 0.

CodeHeap 'non-profiled nmethods': size=120000Kb used=775Kb max_used=775Kb free=119224Kb
 bounds [0x0000024c294c0000, 0x0000024c29730000, 0x0000024c309f0000]
CodeHeap 'profiled nmethods': size=120000Kb used=4171Kb max_used=4171Kb free=115828Kb
 bounds [0x0000024c21f90000, 0x0000024c223b0000, 0x0000024c294c0000]
CodeHeap 'non-nmethods': size=5760Kb used=1257Kb max_used=1292Kb free=4502Kb
 bounds [0x0000024c219f0000, 0x0000024c21c60000, 0x0000024c21f90000]
 total_blobs=2803 nmethods=2261 adapters=454
 compilation: enabled
              stopped_count=0, restarted_count=0
 full_count=0

Compilation events (20 events):
Event: 23.159 Thread 0x0000024c37c54ea0 nmethod 2252 0x0000024c2239e690 code [0x0000024c2239e860, 0x0000024c2239eca8]
Event: 23.159 Thread 0x0000024c37c54ea0 2253       3       java.util.stream.Sink$ChainedInt::end (10 bytes)
Event: 23.159 Thread 0x0000024c37c54ea0 nmethod 2253 0x0000024c2239ee10 code [0x0000024c2239efc0, 0x0000024c2239f188]
Event: 23.160 Thread 0x0000024c37c54ea0 2254       3       java.util.stream.FindOps::makeRef (14 bytes)
Event: 23.160 Thread 0x0000024c37c54ea0 nmethod 2254 0x0000024c2239f290 code [0x0000024c2239f420, 0x0000024c2239f598]
Event: 23.160 Thread 0x0000024c37c54ea0 2255       3       java.util.stream.FindOps$FindSink$OfRef::<init> (5 bytes)
Event: 23.160 Thread 0x0000024c37c54ea0 nmethod 2255 0x0000024c2239f610 code [0x0000024c2239f7c0, 0x0000024c2239f978]
Event: 23.160 Thread 0x0000024c37c54ea0 2256       3       java.util.stream.FindOps$FindSink$OfRef::get (5 bytes)
Event: 23.160 Thread 0x0000024c37c54ea0 nmethod 2256 0x0000024c2239fa90 code [0x0000024c2239fc80, 0x0000024c223a01a8]
Event: 23.161 Thread 0x0000024c37c54ea0 2257       3       java.util.stream.FindOps$FindSink::accept (18 bytes)
Event: 23.161 Thread 0x0000024c37c54ea0 nmethod 2257 0x0000024c223a0390 code [0x0000024c223a0520, 0x0000024c223a06b8]
Event: 23.161 Thread 0x0000024c37c54ea0 2258       3       java.lang.String::format (16 bytes)
Event: 23.161 Thread 0x0000024c37c545b0 2261  s    4       java.util.Hashtable::get (69 bytes)
Event: 23.162 Thread 0x0000024c37c54ea0 nmethod 2258 0x0000024c223a0790 code [0x0000024c223a09c0, 0x0000024c223a1148]
Event: 23.162 Thread 0x0000024c37c54ea0 2259       3       okhttp3.HttpUrl::percentDecode (11 bytes)
Event: 23.162 Thread 0x0000024c37c54ea0 nmethod 2259 0x0000024c223a1410 code [0x0000024c223a15c0, 0x0000024c223a17e8]
Event: 23.162 Thread 0x0000024c37c54ea0 2260       3       java.util.stream.ReferencePipeline::collect (124 bytes)
Event: 23.162 Thread 0x0000024c37c54ea0 nmethod 2260 0x0000024c223a1910 code [0x0000024c223a1ba0, 0x0000024c223a2848]
Event: 23.164 Thread 0x0000024c37c545b0 nmethod 2261 0x0000024c29581390 code [0x0000024c29581560, 0x0000024c29581b88]
Event: 23.164 Thread 0x0000024c37c545b0 2262       4       java.lang.ConditionalSpecialCasing::lookUpTable (131 bytes)

GC Heap History (4 events):
Event: 0.672 GC heap before
{Heap before GC invocations=0 (full 0):
 garbage-first heap   total 126976K, used 22528K [0x0000000084a00000, 0x0000000100000000)
  region size 1024K, 23 young (23552K), 0 survivors (0K)
 Metaspace       used 8478K, committed 8640K, reserved 1114112K
  class space    used 963K, committed 1024K, reserved 1048576K
}
Event: 0.680 GC heap after
{Heap after GC invocations=1 (full 0):
 garbage-first heap   total 126976K, used 5184K [0x0000000084a00000, 0x0000000100000000)
  region size 1024K, 3 young (3072K), 3 survivors (3072K)
 Metaspace       used 8478K, committed 8640K, reserved 1114112K
  class space    used 963K, committed 1024K, reserved 1048576K
}
Event: 4.310 GC heap before
{Heap before GC invocations=1 (full 0):
 garbage-first heap   total 126976K, used 27712K [0x0000000084a00000, 0x0000000100000000)
  region size 1024K, 26 young (26624K), 3 survivors (3072K)
 Metaspace       used 15911K, committed 16192K, reserved 1114112K
  class space    used 1941K, committed 2112K, reserved 1048576K
}
Event: 4.319 GC heap after
{Heap after GC invocations=2 (full 0):
 garbage-first heap   total 126976K, used 7715K [0x0000000084a00000, 0x0000000100000000)
  region size 1024K, 3 young (3072K), 3 survivors (3072K)
 Metaspace       used 15911K, committed 16192K, reserved 1114112K
  class space    used 1941K, committed 2112K, reserved 1048576K
}

Deoptimization events (20 events):
Event: 4.256 Thread 0x0000024c1a0c73c0 Uncommon trap: trap_request=0xffffffde fr.pc=0x0000024c29502398 relative=0x0000000000000998
Event: 4.256 Thread 0x0000024c1a0c73c0 Uncommon trap: reason=class_check action=maybe_recompile pc=0x0000024c29502398 method=java.util.HashMap.putVal(ILjava/lang/Object;Ljava/lang/Object;ZZ)Ljava/lang/Object; @ 203 c2
Event: 4.256 Thread 0x0000024c1a0c73c0 DEOPT PACKING pc=0x0000024c29502398 sp=0x000000b854efd350
Event: 4.256 Thread 0x0000024c1a0c73c0 DEOPT UNPACKING pc=0x0000024c21a45c23 sp=0x000000b854efd298 mode 2
Event: 14.085 Thread 0x0000024c1a0c73c0 Uncommon trap: trap_request=0xffffff45 fr.pc=0x0000024c294f5538 relative=0x0000000000000038
Event: 14.085 Thread 0x0000024c1a0c73c0 Uncommon trap: reason=unstable_if action=reinterpret pc=0x0000024c294f5538 method=java.lang.StringLatin1.canEncode(I)Z @ 4 c2
Event: 14.085 Thread 0x0000024c1a0c73c0 DEOPT PACKING pc=0x0000024c294f5538 sp=0x000000b854efd940
Event: 14.085 Thread 0x0000024c1a0c73c0 DEOPT UNPACKING pc=0x0000024c21a45c23 sp=0x000000b854efd8d0 mode 2
Event: 14.087 Thread 0x0000024c1a0c73c0 Uncommon trap: trap_request=0xffffff45 fr.pc=0x0000024c2956b534 relative=0x00000000000000b4
Event: 14.087 Thread 0x0000024c1a0c73c0 Uncommon trap: reason=unstable_if action=reinterpret pc=0x0000024c2956b534 method=java.lang.String.codePointAt(I)I @ 4 c2
Event: 14.087 Thread 0x0000024c1a0c73c0 DEOPT PACKING pc=0x0000024c2956b534 sp=0x000000b854efe100
Event: 14.087 Thread 0x0000024c1a0c73c0 DEOPT UNPACKING pc=0x0000024c21a45c23 sp=0x000000b854efe098 mode 2
Event: 14.087 Thread 0x0000024c1a0c73c0 Uncommon trap: trap_request=0xffffff45 fr.pc=0x0000024c294e9f80 relative=0x00000000000003e0
Event: 14.087 Thread 0x0000024c1a0c73c0 Uncommon trap: reason=unstable_if action=reinterpret pc=0x0000024c294e9f80 method=java.lang.StringLatin1.canEncode(I)Z @ 4 c2
Event: 14.087 Thread 0x0000024c1a0c73c0 DEOPT PACKING pc=0x0000024c294e9f80 sp=0x000000b854efdf70
Event: 14.087 Thread 0x0000024c1a0c73c0 DEOPT UNPACKING pc=0x0000024c21a45c23 sp=0x000000b854efde98 mode 2
Event: 14.088 Thread 0x0000024c1a0c73c0 Uncommon trap: trap_request=0xffffff45 fr.pc=0x0000024c294ea894 relative=0x00000000000003f4
Event: 14.088 Thread 0x0000024c1a0c73c0 Uncommon trap: reason=unstable_if action=reinterpret pc=0x0000024c294ea894 method=java.lang.StringLatin1.canEncode(I)Z @ 4 c2
Event: 14.088 Thread 0x0000024c1a0c73c0 DEOPT PACKING pc=0x0000024c294ea894 sp=0x000000b854efd7a0
Event: 14.088 Thread 0x0000024c1a0c73c0 DEOPT UNPACKING pc=0x0000024c21a45c23 sp=0x000000b854efd710 mode 2

Classes loaded (20 events):
Event: 4.284 Loading class java/beans/PropertyChangeListener
Event: 4.284 Loading class java/beans/PropertyChangeListener done
Event: 4.285 Loading class com/sun/jmx/mbeanserver/StandardMBeanSupport
Event: 4.285 Loading class com/sun/jmx/mbeanserver/StandardMBeanSupport done
Event: 4.285 Loading class com/sun/jmx/mbeanserver/StandardMBeanIntrospector
Event: 4.285 Loading class com/sun/jmx/mbeanserver/StandardMBeanIntrospector done
Event: 4.309 Loading class java/time/Instant$1
Event: 4.309 Loading class java/time/Instant$1 done
Event: 4.334 Loading class java/net/URLEncoder
Event: 4.334 Loading class java/net/URLEncoder done
Event: 4.334 Loading class java/util/BitSet
Event: 4.335 Loading class java/util/BitSet done
Event: 4.335 Loading class java/io/CharArrayWriter
Event: 4.335 Loading class java/io/CharArrayWriter done
Event: 8.333 Loading class jdk/internal/access/foreign/MemorySegmentProxy
Event: 8.334 Loading class jdk/internal/access/foreign/MemorySegmentProxy done
Event: 14.086 Loading class java/lang/StringUTF16$CodePointsSpliterator
Event: 14.086 Loading class java/lang/StringUTF16$CodePointsSpliterator done
Event: 23.159 Loading class java/util/LinkedList$ListItr
Event: 23.159 Loading class java/util/LinkedList$ListItr done

Classes unloaded (0 events):
No events

Classes redefined (0 events):
No events

Internal exceptions (20 events):
Event: 0.636 Thread 0x0000024c1a0c73c0 Exception <a 'java/lang/IncompatibleClassChangeError'{0x000000008b058570}: Found class java.lang.Object, but interface was expected> (0x000000008b058570) 
thrown [t:\workspace\open\src\hotspot\share\interpreter\linkResolver.cpp, line 833]
Event: 0.637 Thread 0x0000024c1a0c73c0 Exception <a 'java/lang/NoSuchMethodError'{0x000000008b05e2a8}: 'int java.lang.invoke.DirectMethodHandle$Holder.invokeSpecial(java.lang.Object, java.lang.Object, java.lang.Object)'> (0x000000008b05e2a8) 
thrown [t:\workspace\open\src\hotspot\share\interpreter\linkResolver.cpp, line 766]
Event: 0.638 Thread 0x0000024c1a0c73c0 Exception <a 'java/lang/NoSuchMethodError'{0x000000008b06d4f8}: 'java.lang.Object java.lang.invoke.DirectMethodHandle$Holder.invokeInterface(java.lang.Object, java.lang.Object, java.lang.Object, java.lang.Object)'> (0x000000008b06d4f8) 
thrown [t:\workspace\open\src\hotspot\share\interpreter\linkResolver.cpp, line 766]
Event: 0.643 Thread 0x0000024c1a0c73c0 Exception <a 'java/lang/NoSuchMethodError'{0x000000008b093098}: 'java.lang.Object java.lang.invoke.DirectMethodHandle$Holder.invokeVirtual(java.lang.Object, java.lang.Object, java.lang.Object)'> (0x000000008b093098) 
thrown [t:\workspace\open\src\hotspot\share\interpreter\linkResolver.cpp, line 766]
Event: 0.649 Thread 0x0000024c1a0c73c0 Exception <a 'java/lang/NoSuchMethodError'{0x000000008b0fefd0}: 'void java.lang.invoke.DirectMethodHandle$Holder.invokeInterface(java.lang.Object, java.lang.Object, java.lang.Object)'> (0x000000008b0fefd0) 
thrown [t:\workspace\open\src\hotspot\share\interpreter\linkResolver.cpp, line 766]
Event: 0.656 Thread 0x0000024c1a0c73c0 Exception <a 'java/lang/NoSuchMethodError'{0x000000008af50db0}: 'int java.lang.invoke.DirectMethodHandle$Holder.invokeVirtual(java.lang.Object, java.lang.Object)'> (0x000000008af50db0) 
thrown [t:\workspace\open\src\hotspot\share\interpreter\linkResolver.cpp, line 766]
Event: 0.656 Thread 0x0000024c1a0c73c0 Exception <a 'java/lang/NoSuchMethodError'{0x000000008af57390}: 'double java.lang.invoke.DirectMethodHandle$Holder.invokeVirtual(java.lang.Object, java.lang.Object)'> (0x000000008af57390) 
thrown [t:\workspace\open\src\hotspot\share\interpreter\linkResolver.cpp, line 766]
Event: 0.657 Thread 0x0000024c1a0c73c0 Exception <a 'java/lang/NoSuchMethodError'{0x000000008af5def0}: 'float java.lang.invoke.DirectMethodHandle$Holder.invokeVirtual(java.lang.Object, java.lang.Object)'> (0x000000008af5def0) 
thrown [t:\workspace\open\src\hotspot\share\interpreter\linkResolver.cpp, line 766]
Event: 0.658 Thread 0x0000024c1a0c73c0 Exception <a 'java/lang/NoSuchMethodError'{0x000000008af66fd8}: 'long java.lang.invoke.DirectMethodHandle$Holder.invokeVirtual(java.lang.Object, java.lang.Object)'> (0x000000008af66fd8) 
thrown [t:\workspace\open\src\hotspot\share\interpreter\linkResolver.cpp, line 766]
Event: 0.690 Thread 0x0000024c1a0c73c0 Exception <a 'java/lang/NoSuchMethodError'{0x000000008c5d4090}: 'void java.lang.invoke.DirectMethodHandle$Holder.invokeSpecial(java.lang.Object, java.lang.Object, java.lang.Object, java.lang.Object, java.lang.Object)'> (0x000000008c5d4090) 
thrown [t:\workspace\open\src\hotspot\share\interpreter\linkResolver.cpp, line 766]
Event: 0.724 Thread 0x0000024c1a0c73c0 Exception <a 'java/lang/NoSuchMethodError'{0x000000008c3b0670}: 'java.lang.Object java.lang.invoke.Invokers$Holder.invokeExact_MT(java.lang.Object, java.lang.Object, java.lang.Object, java.lang.Object, java.lang.Object, java.lang.Object)'> (0x000000008c3b0670) 
thrown [t:\workspace\open\src\hotspot\share\interpreter\linkResolver.cpp, line 766]
Event: 0.776 Thread 0x0000024c1a0c73c0 Exception <a 'java/lang/NoSuchMethodError'{0x000000008bf32a88}: 'void java.lang.invoke.DirectMethodHandle$Holder.invokeStatic(java.lang.Object, java.lang.Object, java.lang.Object, java.lang.Object)'> (0x000000008bf32a88) 
thrown [t:\workspace\open\src\hotspot\share\interpreter\linkResolver.cpp, line 766]
Event: 1.126 Thread 0x0000024c37c4e850 Exception <a 'java/lang/NoSuchMethodError'{0x000000008bed8050}: 'java.lang.Object java.lang.invoke.DirectMethodHandle$Holder.invokeStaticInit(java.lang.Object, int)'> (0x000000008bed8050) 
thrown [t:\workspace\open\src\hotspot\share\interpreter\linkResolver.cpp, line 766]
Event: 1.484 Thread 0x0000024c1a0c73c0 Exception <a 'java/lang/NoSuchMethodError'{0x000000008bdeed18}: 'java.lang.Object java.lang.invoke.DirectMethodHandle$Holder.invokeSpecialIFC(java.lang.Object, java.lang.Object, java.lang.Object)'> (0x000000008bdeed18) 
thrown [t:\workspace\open\src\hotspot\share\interpreter\linkResolver.cpp, line 766]
Event: 1.501 Thread 0x0000024c1a0c73c0 Exception <a 'java/lang/ClassNotFoundException'{0x000000008bc5f2b0}: sun/util/logging/resources/spi/loggingProvider> (0x000000008bc5f2b0) 
thrown [t:\workspace\open\src\hotspot\share\classfile\systemDictionary.cpp, line 255]
Event: 3.964 Thread 0x0000024c1a0c73c0 Exception <a 'java/lang/NoSuchMethodError'{0x000000008b87d358}: 'void java.lang.invoke.DirectMethodHandle$Holder.invokeStaticInit(java.lang.Object, java.lang.Object, java.lang.Object, java.lang.Object)'> (0x000000008b87d358) 
thrown [t:\workspace\open\src\hotspot\share\interpreter\linkResolver.cpp, line 766]
Event: 4.114 Thread 0x0000024c1a0c73c0 Exception <a 'java/lang/NoSuchMethodError'{0x000000008b205e38}: 'java.lang.Object java.lang.invoke.DirectMethodHandle$Holder.newInvokeSpecial(java.lang.Object, long, int, java.lang.Object)'> (0x000000008b205e38) 
thrown [t:\workspace\open\src\hotspot\share\interpreter\linkResolver.cpp, line 766]
Event: 4.225 Thread 0x0000024c1a0c73c0 Exception <a 'java/lang/NoSuchMethodError'{0x000000008b1e9870}: 'int java.lang.invoke.DirectMethodHandle$Holder.invokeInterface(java.lang.Object, java.lang.Object)'> (0x000000008b1e9870) 
thrown [t:\workspace\open\src\hotspot\share\interpreter\linkResolver.cpp, line 766]
Event: 4.226 Thread 0x0000024c1a0c73c0 Exception <a 'java/lang/IncompatibleClassChangeError'{0x000000008b1ecdf8}: Found class java.lang.Object, but interface was expected> (0x000000008b1ecdf8) 
thrown [t:\workspace\open\src\hotspot\share\interpreter\linkResolver.cpp, line 833]
Event: 4.298 Thread 0x0000024c1a0c73c0 Exception <a 'java/lang/NoSuchMethodError'{0x000000008afd2b30}: 'void java.lang.invoke.DirectMethodHandle$Holder.invokeStaticInit(java.lang.Object, java.lang.Object)'> (0x000000008afd2b30) 
thrown [t:\workspace\open\src\hotspot\share\interpreter\linkResolver.cpp, line 766]

VM Operations (20 events):
Event: 5.321 Executing VM operation: Cleanup
Event: 5.321 Executing VM operation: Cleanup done
Event: 6.334 Executing VM operation: Cleanup
Event: 6.334 Executing VM operation: Cleanup done
Event: 7.342 Executing VM operation: Cleanup
Event: 7.342 Executing VM operation: Cleanup done
Event: 8.351 Executing VM operation: Cleanup
Event: 8.351 Executing VM operation: Cleanup done
Event: 10.366 Executing VM operation: Cleanup
Event: 10.366 Executing VM operation: Cleanup done
Event: 11.371 Executing VM operation: Cleanup
Event: 11.371 Executing VM operation: Cleanup done
Event: 12.378 Executing VM operation: Cleanup
Event: 12.378 Executing VM operation: Cleanup done
Event: 14.388 Executing VM operation: Cleanup
Event: 14.388 Executing VM operation: Cleanup done
Event: 16.398 Executing VM operation: Cleanup
Event: 16.398 Executing VM operation: Cleanup done
Event: 18.419 Executing VM operation: Cleanup
Event: 18.419 Executing VM operation: Cleanup done

Events (20 events):
Event: 0.087 Loaded shared library C:\Program Files\JetBrains\IntelliJ IDEA Community Edition 2021.3.3\bin\breakgen64.dll
Event: 0.087 Thread 0x0000024c3c56c930 Thread added: 0x0000024c3c56c930
Event: 0.087 Thread 0x0000024c3c56cdf0 Thread added: 0x0000024c3c56cdf0
Event: 0.095 Loaded shared library C:\Program Files\Java\jdk-18\bin\verify.dll
Event: 0.229 Loaded shared library C:\Program Files\Java\jdk-18\bin\jimage.dll
Event: 0.237 Thread 0x0000024c3c7af980 Thread added: 0x0000024c3c7af980
Event: 0.333 Loaded shared library C:\Program Files\Java\jdk-18\bin\sunmscapi.dll
Event: 0.567 Thread 0x0000024c3ce2f6f0 Thread added: 0x0000024c3ce2f6f0
Event: 0.572 Thread 0x0000024c3ce6f470 Thread added: 0x0000024c3ce6f470
Event: 0.583 Thread 0x0000024c3ce6bb10 Thread added: 0x0000024c3ce6bb10
Event: 0.583 Thread 0x0000024c3cff8010 Thread added: 0x0000024c3cff8010
Event: 0.626 Thread 0x0000024c3ce60300 Thread added: 0x0000024c3ce60300
Event: 0.791 Thread 0x0000024c3cf5cb90 Thread added: 0x0000024c3cf5cb90
Event: 0.793 Thread 0x0000024c3cf5f210 Thread added: 0x0000024c3cf5f210
Event: 1.116 Thread 0x0000024c3c7af980 Thread exited: 0x0000024c3c7af980
Event: 3.926 Loaded shared library C:\Program Files\Java\jdk-18\bin\management.dll
Event: 3.931 Loaded shared library C:\Program Files\Java\jdk-18\bin\management_ext.dll
Event: 4.180 Thread 0x0000024c3cf5c1f0 Thread added: 0x0000024c3cf5c1f0
Event: 4.181 Thread 0x0000024c3cf5c1f0 Thread exited: 0x0000024c3cf5c1f0
Event: 5.630 Thread 0x0000024c3ce60300 Thread exited: 0x0000024c3ce60300


Dynamic libraries:
0x00007ff65da90000 - 0x00007ff65daa0000 	C:\Program Files\Java\jdk-18\bin\java.exe
0x00007ffa92770000 - 0x00007ffa92968000 	C:\WINDOWS\SYSTEM32\ntdll.dll
0x00007ffa914e0000 - 0x00007ffa9159f000 	C:\WINDOWS\System32\KERNEL32.DLL
0x00007ffa8ff00000 - 0x00007ffa901d2000 	C:\WINDOWS\System32\KERNELBASE.dll
0x00007ffa90340000 - 0x00007ffa90440000 	C:\WINDOWS\System32\ucrtbase.dll
0x00007ffa8d0d0000 - 0x00007ffa8d0e8000 	C:\Program Files\Java\jdk-18\bin\jli.dll
0x00007ffa8d090000 - 0x00007ffa8d0aa000 	C:\Program Files\Java\jdk-18\bin\VCRUNTIME140.dll
0x00007ffa91280000 - 0x00007ffa9132e000 	C:\WINDOWS\System32\ADVAPI32.dll
0x00007ffa90d90000 - 0x00007ffa90e2e000 	C:\WINDOWS\System32\msvcrt.dll
0x00007ffa90bd0000 - 0x00007ffa90c6c000 	C:\WINDOWS\System32\sechost.dll
0x00007ffa910d0000 - 0x00007ffa911f5000 	C:\WINDOWS\System32\RPCRT4.dll
0x00007ffa915a0000 - 0x00007ffa9173d000 	C:\WINDOWS\System32\USER32.dll
0x00007ffa90630000 - 0x00007ffa90652000 	C:\WINDOWS\System32\win32u.dll
0x00007ffa7a0f0000 - 0x00007ffa7a38a000 	C:\WINDOWS\WinSxS\amd64_microsoft.windows.common-controls_6595b64144ccf1df_6.0.19041.1110_none_60b5254171f9507e\COMCTL32.dll
0x00007ffa91020000 - 0x00007ffa9104b000 	C:\WINDOWS\System32\GDI32.dll
0x00007ffa90470000 - 0x00007ffa9057f000 	C:\WINDOWS\System32\gdi32full.dll
0x00007ffa906b0000 - 0x00007ffa9074d000 	C:\WINDOWS\System32\msvcp_win.dll
0x00007ffa7dc90000 - 0x00007ffa7dc9a000 	C:\WINDOWS\SYSTEM32\VERSION.dll
0x00007ffa920a0000 - 0x00007ffa920d2000 	C:\WINDOWS\System32\IMM32.DLL
0x00007ffa8d080000 - 0x00007ffa8d08c000 	C:\Program Files\Java\jdk-18\bin\vcruntime140_1.dll
0x00007ffa8cf90000 - 0x00007ffa8d01d000 	C:\Program Files\Java\jdk-18\bin\msvcp140.dll
0x00007ffa3df40000 - 0x00007ffa3eb51000 	C:\Program Files\Java\jdk-18\bin\server\jvm.dll
0x00007ffa92180000 - 0x00007ffa92188000 	C:\WINDOWS\System32\PSAPI.DLL
0x00007ffa73e40000 - 0x00007ffa73e49000 	C:\WINDOWS\SYSTEM32\WSOCK32.dll
0x00007ffa6ca80000 - 0x00007ffa6caa7000 	C:\WINDOWS\SYSTEM32\WINMM.dll
0x00007ffa921f0000 - 0x00007ffa9225b000 	C:\WINDOWS\System32\WS2_32.dll
0x00007ffa8e6c0000 - 0x00007ffa8e6d2000 	C:\WINDOWS\SYSTEM32\kernel.appcore.dll
0x00007ffa8d070000 - 0x00007ffa8d07a000 	C:\Program Files\Java\jdk-18\bin\jimage.dll
0x00007ffa8dc40000 - 0x00007ffa8de24000 	C:\WINDOWS\SYSTEM32\DBGHELP.DLL
0x00007ffa7c9c0000 - 0x00007ffa7c9ec000 	C:\WINDOWS\SYSTEM32\dbgcore.DLL
0x00007ffa8fe70000 - 0x00007ffa8fef2000 	C:\WINDOWS\System32\bcryptPrimitives.dll
0x00007ffa8cef0000 - 0x00007ffa8cefe000 	C:\Program Files\Java\jdk-18\bin\instrument.dll
0x00007ffa8d040000 - 0x00007ffa8d065000 	C:\Program Files\Java\jdk-18\bin\java.dll
0x00007ffa8ccd0000 - 0x00007ffa8cda6000 	C:\Program Files\Java\jdk-18\bin\jsvml.dll
0x00007ffa91740000 - 0x00007ffa91e83000 	C:\WINDOWS\System32\SHELL32.dll
0x00007ffa8df10000 - 0x00007ffa8e6a2000 	C:\WINDOWS\SYSTEM32\windows.storage.dll
0x00007ffa90870000 - 0x00007ffa90bc4000 	C:\WINDOWS\System32\combase.dll
0x00007ffa8f8d0000 - 0x00007ffa8f900000 	C:\WINDOWS\SYSTEM32\Wldp.dll
0x00007ffa907c0000 - 0x00007ffa9086d000 	C:\WINDOWS\System32\SHCORE.dll
0x00007ffa90ef0000 - 0x00007ffa90f45000 	C:\WINDOWS\System32\shlwapi.dll
0x00007ffa8fdb0000 - 0x00007ffa8fdcf000 	C:\WINDOWS\SYSTEM32\profapi.dll
0x00007ffa8cea0000 - 0x00007ffa8ceb8000 	C:\Program Files\Java\jdk-18\bin\zip.dll
0x00007ffa8cf20000 - 0x00007ffa8cf33000 	C:\Program Files\Java\jdk-18\bin\net.dll
0x00007ffa879d0000 - 0x00007ffa87adc000 	C:\WINDOWS\SYSTEM32\WINHTTP.dll
0x00007ffa8f630000 - 0x00007ffa8f69a000 	C:\WINDOWS\system32\mswsock.dll
0x00007ffa8cf00000 - 0x00007ffa8cf16000 	C:\Program Files\Java\jdk-18\bin\nio.dll
0x00007ffa8cba0000 - 0x00007ffa8cbba000 	C:\Program Files\JetBrains\IntelliJ IDEA Community Edition 2021.3.3\bin\breakgen64.dll
0x00007ffa8cbe0000 - 0x00007ffa8cbf0000 	C:\Program Files\Java\jdk-18\bin\verify.dll
0x00007ffa8f320000 - 0x00007ffa8f3ea000 	C:\WINDOWS\SYSTEM32\DNSAPI.dll
0x00007ffa8f2d0000 - 0x00007ffa8f30b000 	C:\WINDOWS\SYSTEM32\IPHLPAPI.DLL
0x00007ffa920e0000 - 0x00007ffa920e8000 	C:\WINDOWS\System32\NSI.dll
0x0000000067770000 - 0x0000000067796000 	C:\Program Files\Bonjour\mdnsNSP.dll
0x00007ffa85bd0000 - 0x00007ffa85bda000 	C:\Windows\System32\rasadhlp.dll
0x00007ffa83300000 - 0x00007ffa83380000 	C:\WINDOWS\System32\fwpuclnt.dll
0x00007ffa90440000 - 0x00007ffa90467000 	C:\WINDOWS\System32\bcrypt.dll
0x00007ffa8cb80000 - 0x00007ffa8cb8e000 	C:\Program Files\Java\jdk-18\bin\sunmscapi.dll
0x00007ffa901e0000 - 0x00007ffa90336000 	C:\WINDOWS\System32\CRYPT32.dll
0x00007ffa8f940000 - 0x00007ffa8f967000 	C:\WINDOWS\SYSTEM32\ncrypt.dll
0x00007ffa8f900000 - 0x00007ffa8f93b000 	C:\WINDOWS\SYSTEM32\NTASN1.dll
0x00007ffa8f820000 - 0x00007ffa8f838000 	C:\WINDOWS\SYSTEM32\CRYPTSP.dll
0x00007ffa8eee0000 - 0x00007ffa8ef14000 	C:\WINDOWS\system32\rsaenh.dll
0x00007ffa8fd70000 - 0x00007ffa8fd9e000 	C:\WINDOWS\SYSTEM32\USERENV.dll
0x00007ffa8f840000 - 0x00007ffa8f84c000 	C:\WINDOWS\SYSTEM32\CRYPTBASE.dll
0x00007ffa85cb0000 - 0x00007ffa85cc7000 	C:\WINDOWS\SYSTEM32\dhcpcsvc6.DLL
0x00007ffa86080000 - 0x00007ffa8609d000 	C:\WINDOWS\SYSTEM32\dhcpcsvc.DLL
0x00007ffa8cbd0000 - 0x00007ffa8cbd9000 	C:\Program Files\Java\jdk-18\bin\management.dll
0x00007ffa8cb90000 - 0x00007ffa8cb9b000 	C:\Program Files\Java\jdk-18\bin\management_ext.dll
0x00007ffa38a40000 - 0x00007ffa38a57000 	C:\WINDOWS\system32\napinsp.dll
0x00007ffa38a20000 - 0x00007ffa38a3b000 	C:\WINDOWS\system32\pnrpnsp.dll
0x00007ffa87ae0000 - 0x00007ffa87af5000 	C:\WINDOWS\system32\wshbth.dll
0x00007ffa879b0000 - 0x00007ffa879cd000 	C:\WINDOWS\system32\NLAapi.dll
0x00007ffa38a00000 - 0x00007ffa38a12000 	C:\WINDOWS\System32\winrnr.dll

dbghelp: loaded successfully - version: 4.0.5 - missing functions: none
symbol engine: initialized successfully - sym options: 0x614 - pdb path: .;C:\Program Files\Java\jdk-18\bin;C:\WINDOWS\SYSTEM32;C:\WINDOWS\WinSxS\amd64_microsoft.windows.common-controls_6595b64144ccf1df_6.0.19041.1110_none_60b5254171f9507e;C:\Program Files\Java\jdk-18\bin\server;C:\Program Files\JetBrains\IntelliJ IDEA Community Edition 2021.3.3\bin;C:\Program Files\Bonjour

VM Arguments:
jvm_args: -ea -Didea.test.cyclic.buffer.size=1048576 -javaagent:C:\Program Files\JetBrains\IntelliJ IDEA Community Edition 2021.3.3\lib\idea_rt.jar=51143:C:\Program Files\JetBrains\IntelliJ IDEA Community Edition 2021.3.3\bin -Dfile.encoding=UTF-8 
java_command: com.intellij.rt.junit.JUnitStarter -ideVersion5 -junit4 Amazon.test.ProductTest
java_class_path (initial): C:\Program Files\JetBrains\IntelliJ IDEA Community Edition 2021.3.3\lib\idea_rt.jar;C:\Program Files\JetBrains\IntelliJ IDEA Community Edition 2021.3.3\plugins\junit\lib\junit5-rt.jar;C:\Program Files\JetBrains\IntelliJ IDEA Community Edition 2021.3.3\plugins\junit\lib\junit-rt.jar;C:\Users\testinium\IdeaProjects\selenium_amazon_project\target\test-classes;C:\Users\testinium\.m2\repository\junit\junit\4.13.2\junit-4.13.2.jar;C:\Users\testinium\.m2\repository\org\hamcrest\hamcrest-core\1.3\hamcrest-core-1.3.jar;C:\Users\testinium\.m2\repository\org\seleniumhq\selenium\selenium-java\3.141.59\selenium-java-3.141.59.jar;C:\Users\testinium\.m2\repository\org\seleniumhq\selenium\selenium-api\3.141.59\selenium-api-3.141.59.jar;C:\Users\testinium\.m2\repository\org\seleniumhq\selenium\selenium-chrome-driver\3.141.59\selenium-chrome-driver-3.141.59.jar;C:\Users\testinium\.m2\repository\org\seleniumhq\selenium\selenium-edge-driver\3.141.59\selenium-edge-driver-3.141.59.jar;C:\Users\testinium\.m2\repository\org\seleniumhq\selenium\selenium-firefox-driver\3.141.59\selenium-firefox-driver-3.141.59.jar;C:\Users\testinium\.m2\repository\org\seleniumhq\selenium\selenium-ie-driver\3.141.59\selenium-ie-driver-3.141.59.jar;C:\Users\testinium\.m2\repository\org\seleniumhq\selenium\selenium-opera-driver\3.141.59\selenium-opera-driver-3.141.59.jar;C:\Users\testinium\.m2\repository\org\seleniumhq\selenium\selenium-remote-driver\3.141.59\selenium-remote-driver-3.141.59.jar;C:\Users\testinium\.m2\repository\org\seleniumhq\selenium\selenium-safari-driver\3.141.59\selenium-safari-driver-3.141.59.jar;C:\Users\testinium\.m2\repository\org\seleniumhq\selenium\selenium-support\3.141.59\selenium-support-3.141.59.jar;C:\Users\testinium\.m2\repository\net\bytebuddy\byte-buddy\1.8.15\byte-buddy-1.8.15.jar;C:\Users\testinium\.m2\repository\org\apache\commons\commons-exec\1.3\commons-exec-1.3.jar;C:\Users\testinium\.m2\repository\com\google\guava\guava\25.0-jre\guava-25.0-jre.jar;C:\Users\testinium\.m2\repository\com\google\code\findbugs\jsr305\1.3.9\jsr305-1.3.9.jar;C:\Users\testinium\.m2\repository\org\checkerframework\checker-compat-qual\2.0.0\checker-compat-qual-2.0.0.jar;C:\Users\testinium\.m2\repository\com\google\errorprone\error_prone_annotations\2.1.3\error_prone_annotations-2.1.3.jar;C:\Users\testinium\.m2\repository\com\google\j2objc\j2objc-annotations\1.1\j2objc-annotations-1.1.jar;C:\Users\testinium\.m2\repository\org\codehaus\mojo\animal-sniffer-annotations\1.14\animal-sniffer-annotations-1.14.jar;C:\Users\testinium\.m2\repository\com\squareup\okhttp3\okhttp\3.11.0\okhttp-3.11.0.jar;C:\Users\testinium\.m2\repository\com\squareup\okio\okio\1.14.0\okio-1.14.0.jar;C:\Users\testinium\.m2\repository\org\apache\logging\log4j\log4j-core\2.17.1\log4j-core-2.17.1.jar;C:\Users\testinium\.m2\repository\org\apache\logging\log4j\log4j-api\2.17.1\log4j-api-2.17.1.jar
Launcher Type: SUN_STANDARD

[Global flags]
     intx CICompilerCount                          = 4                                         {product} {ergonomic}
     uint ConcGCThreads                            = 2                                         {product} {ergonomic}
     uint G1ConcRefinementThreads                  = 8                                         {product} {ergonomic}
   size_t G1HeapRegionSize                         = 1048576                                   {product} {ergonomic}
    uintx GCDrainStackTargetSize                   = 64                                        {product} {ergonomic}
   size_t InitialHeapSize                          = 130023424                                 {product} {ergonomic}
   size_t MarkStackSize                            = 4194304                                   {product} {ergonomic}
   size_t MaxHeapSize                              = 2069889024                                {product} {ergonomic}
   size_t MaxNewSize                               = 1241513984                                {product} {ergonomic}
   size_t MinHeapDeltaBytes                        = 1048576                                   {product} {ergonomic}
   size_t MinHeapSize                              = 8388608                                   {product} {ergonomic}
    uintx NonNMethodCodeHeapSize                   = 5839372                                {pd product} {ergonomic}
    uintx NonProfiledCodeHeapSize                  = 122909434                              {pd product} {ergonomic}
    uintx ProfiledCodeHeapSize                     = 122909434                              {pd product} {ergonomic}
    uintx ReservedCodeCacheSize                    = 251658240                              {pd product} {ergonomic}
     bool SegmentedCodeCache                       = true                                      {product} {ergonomic}
   size_t SoftMaxHeapSize                          = 2069889024                             {manageable} {ergonomic}
     bool UseCompressedClassPointers               = true                           {product lp64_product} {ergonomic}
     bool UseCompressedOops                        = true                           {product lp64_product} {ergonomic}
     bool UseG1GC                                  = true                                      {product} {ergonomic}
     bool UseLargePagesIndividualAllocation        = false                                  {pd product} {ergonomic}

Logging:
Log output configuration:
 #0: stdout all=warning uptime,level,tags foldmultilines=false
 #1: stderr all=off uptime,level,tags foldmultilines=false

Environment Variables:
JAVA_HOME=C:\Program Files\Eclipse Adoptium\jdk-17.0.5.8-hotspot\
PATH=C:\Program Files\Eclipse Adoptium\jdk-17.0.5.8-hotspot\bin;C:\Python311\Scripts\;C:\Python311\;C:\Program Files\Common Files\Oracle\Java\javapath;C:\Program Files (x86)\Common Files\Oracle\Java\javapath;C:\Windows\system32;C:\Windows;C:\Windows\System32\Wbem;C:\Windows\System32\WindowsPowerShell\v1.0\;C:\Windows\System32\OpenSSH\;C:\Program Files\NVIDIA Corporation\NVIDIA NvDLISR;C:\WINDOWS\system32;C:\WINDOWS;C:\WINDOWS\System32\Wbem;C:\WINDOWS\System32\WindowsPowerShell\v1.0\;C:\WINDOWS\System32\OpenSSH\;C:\Program Files\Git\cmd;C:\Program Files\maven\apache-maven-3.8.5\bin;C:\Program Files (x86)\Micro Focus\Unified Functional Testing\bin;C:\Program Files\Android\Android Studio\bin;C:\Program Files\Java\jdk-18;C:\Users\testinium\AppData\Local\Android\Sdk\platform-tools;C:\Users\testinium\AppData\Local\Android\Sdk\tools;C:\Users\testinium\AppData\Local\Android\Sdk\build-tools;C:\Program Files\Gauge\bin;C:\Program Files (x86)\Microsoft SQL Server\160\DTS\Binn\;C:\Program Files\Azure Data Studio\bin;C:\ProgramData\chocolatey\bin;C:\Program Files\nodejs\;C:\Users\testinium\AppData\Roaming\npm;C:\Users\testinium\AppData\Local\Programs\Python\Python310\Scripts\;C:\Users\testinium\AppData\Local\Programs\Python\Python310\;C:\Users\testinium\AppData\Local\Microsoft\WindowsApps;%IntelliJ IDEA Community Edition%;C:\Users\testinium\AppData\Local\Programs\Microsoft VS Code\bin;C:\Program Files\Azure Data Studio\bin;C:\Users\testinium\AppData\Roaming\npm;C:\Program Files\nodejs;C:\Users\testinium\AppData\Roaming\npm;
USERNAME=testinium
OS=Windows_NT
PROCESSOR_IDENTIFIER=Intel64 Family 6 Model 140 Stepping 1, GenuineIntel



---------------  S Y S T E M  ---------------

OS:
 Windows 10 , 64 bit Build 19041 (10.0.19041.2251)
OS uptime: 19 days 4:14 hours

CPU: total 8 (initial active 8) (4 cores per cpu, 2 threads per core) family 6 model 140 stepping 1 microcode 0x86, cx8, cmov, fxsr, ht, mmx, 3dnowpref, sse, sse2, sse3, ssse3, sse4.1, sse4.2, popcnt, lzcnt, tsc, tscinvbit, avx, avx2, aes, erms, clmul, bmi1, bmi2, adx, avx512f, avx512dq, avx512cd, avx512bw, avx512vl, sha, fma, vzeroupper, avx512_vpopcntdq, avx512_vpclmulqdq, avx512_vaes, avx512_vnni, clflush, clflushopt, clwb, avx512_vbmi2, avx512_vbmi

Memory: 4k page, system-wide physical 7890M (558M free)
TotalPageFile size 32466M (AvailPageFile size 3M)
current process WorkingSet (physical memory assigned to process): 100M, peak: 110M
current process commit charge ("private bytes"): 233M, peak: 244M

vm_info: Java HotSpot(TM) 64-Bit Server VM (18+36-2087) for windows-amd64 JRE (18+36-2087), built on Feb 15 2022 09:43:11 by "mach5one" with MS VC++ 16.8 / 16.9 (VS2019)

END.
